#
# There is insufficient memory for the Java Runtime Environment to continue.
# Native memory allocation (mmap) failed to map 260046848 bytes. Error detail: G1 virtual space
# Possible reasons:
#   The system is out of physical RAM or swap space
#   This process is running with CompressedOops enabled, and the Java Heap may be blocking the growth of the native heap
# Possible solutions:
#   Reduce memory load on the system
#   Increase physical memory or swap space
#   Check if swap backing store is full
#   Decrease Java heap size (-Xmx/-Xms)
#   Decrease number of Java threads
#   Decrease Java thread stack sizes (-Xss)
#   Set larger code cache with -XX:ReservedCodeCacheSize=
#   JVM is running with Zero Based Compressed Oops mode in which the Java heap is
#     placed in the first 32GB address space. The Java Heap base address is the
#     maximum limit for the native heap growth. Please use -XX:HeapBaseMinAddress
#     to set the Java Heap base and to place the Java Heap above 32GB virtual address.
# This output file may be truncated or incomplete.
#
#  Out of Memory Error (os_windows.cpp:3603), pid=111896, tid=111948
#
# JRE version:  (21.0.3+9) (build )
# Java VM: OpenJDK 64-Bit Server VM (21.0.3+9-LTS, mixed mode, sharing, tiered, compressed oops, compressed class ptrs, g1 gc, windows-amd64)
# No core dump will be written. Minidumps are not enabled by default on client versions of Windows
#

---------------  S U M M A R Y ------------

Command Line: -Dnet.bytebuddy.agent.attacher.dump= net.bytebuddy.agent.Attacher com.sun.tools.attach.VirtualMachine 108844 C:\Users\kutka\.m2\repository\net\bytebuddy\byte-buddy-agent\1.14.19\byte-buddy-agent-1.14.19.jar false 

Host: AMD Ryzen 7 4800H with Radeon Graphics         , 16 cores, 15G,  Windows 11 , 64 bit Build 22621 (10.0.22621.3958)
Time: Thu Oct 10 01:03:07 2024 India Standard Time elapsed time: 0.016533 seconds (0d 0h 0m 0s)

---------------  T H R E A D  ---------------

Current thread (0x000002331bd53480):  JavaThread "Unknown thread" [_thread_in_vm, id=111948, stack(0x000000b92c300000,0x000000b92c400000) (1024K)]

Stack: [0x000000b92c300000,0x000000b92c400000]
Native frames: (J=compiled Java code, j=interpreted, Vv=VM code, C=native code)
V  [jvm.dll+0x6c8699]
V  [jvm.dll+0x8a2061]
V  [jvm.dll+0x8a458e]
V  [jvm.dll+0x8a4c63]
V  [jvm.dll+0x27e476]
V  [jvm.dll+0x6c4e15]
V  [jvm.dll+0x6b9b0a]
V  [jvm.dll+0x3523ba]
V  [jvm.dll+0x359f66]
V  [jvm.dll+0x3ab1be]
V  [jvm.dll+0x3ab468]
V  [jvm.dll+0x3265fc]
V  [jvm.dll+0x32715b]
V  [jvm.dll+0x86b0b9]
V  [jvm.dll+0x3b81c1]
V  [jvm.dll+0x854318]
V  [jvm.dll+0x44c55e]
V  [jvm.dll+0x44e081]
C  [jli.dll+0x5278]
C  [ucrtbase.dll+0x29333]
C  [KERNEL32.DLL+0x1257d]
C  [ntdll.dll+0x5af28]


---------------  P R O C E S S  ---------------

Threads class SMR info:
_java_thread_list=0x00007fffeba6e048, length=0, elements={
}

Java Threads: ( => current thread )
Total: 0

Other Threads:
  0x000002331df90b80 WorkerThread "GC Thread#0"                     [id=111952, stack(0x000000b92c400000,0x000000b92c500000) (1024K)]
  0x000002331dfa11e0 ConcurrentGCThread "G1 Main Marker"            [id=111956, stack(0x000000b92c500000,0x000000b92c600000) (1024K)]
  0x000002331dfa2290 WorkerThread "G1 Conc#0"                       [id=111960, stack(0x000000b92c600000,0x000000b92c700000) (1024K)]

[error occurred during error reporting (printing all threads), id 0xc0000005, EXCEPTION_ACCESS_VIOLATION (0xc0000005) at pc=0x00007fffeb178f27]
VM state: not at safepoint (not fully initialized)

VM Mutex/Monitor currently owned by a thread:  ([mutex/lock_event])
[0x00007fffebae2228] Heap_lock - owner thread: 0x000002331bd53480

Heap address: 0x0000000709400000, size: 3948 MB, Compressed Oops mode: Zero based, Oop shift amount: 3

CDS archive(s) mapped at: [0x0000000000000000-0x0000000000000000-0x0000000000000000), size 0, SharedBaseAddress: 0x0000000800000000, ArchiveRelocationMode: 1.
Narrow klass base: 0x0000000000000000, Narrow klass shift: 0, Narrow klass range: 0x0

GC Precious Log:
 CardTable entry size: 512
 Card Set container configuration: InlinePtr #cards 4 size 8 Array Of Cards #cards 16 size 48 Howl #buckets 8 coarsen threshold 3686 Howl Bitmap #cards 512 size 80 coarsen threshold 460 Card regions per heap region 1 cards per card region 4096

Heap:
 garbage-first heap   total 0K, used 0K [0x0000000709400000, 0x0000000800000000)
  region size 2048K, 0 young (0K), 0 survivors (0K)

[error occurred during error reporting (printing heap information), id 0xc0000005, EXCEPTION_ACCESS_VIOLATION (0xc0000005) at pc=0x00007fffeb562069]
GC Heap History (0 events):
No events

Dll operation events (1 events):
Event: 0.011 Loaded shared library C:\Program Files\Eclipse Adoptium\jdk-21.0.3.9-hotspot\bin\java.dll

Deoptimization events (0 events):
No events

Classes loaded (0 events):
No events

Classes unloaded (0 events):
No events

Classes redefined (0 events):
No events

Internal exceptions (0 events):
No events

ZGC Phase Switch (0 events):
No events

VM Operations (0 events):
No events

Events (0 events):
No events


Dynamic libraries:
0x00007ff661020000 - 0x00007ff66102e000 	C:\Program Files\Eclipse Adoptium\jdk-21.0.3.9-hotspot\bin\java.exe
0x00007ff8bc5b0000 - 0x00007ff8bc7c7000 	C:\Windows\SYSTEM32\ntdll.dll
0x00007ff8baff0000 - 0x00007ff8bb0b4000 	C:\Windows\System32\KERNEL32.DLL
0x00007ff8b9d70000 - 0x00007ff8ba11d000 	C:\Windows\System32\KERNELBASE.dll
0x00007ff8ba120000 - 0x00007ff8ba231000 	C:\Windows\System32\ucrtbase.dll
0x00007ff8a7200000 - 0x00007ff8a721b000 	C:\Program Files\Eclipse Adoptium\jdk-21.0.3.9-hotspot\bin\VCRUNTIME140.dll
0x00007ff8a6f20000 - 0x00007ff8a6f38000 	C:\Program Files\Eclipse Adoptium\jdk-21.0.3.9-hotspot\bin\jli.dll
0x00007ff8bb910000 - 0x00007ff8bbabe000 	C:\Windows\System32\USER32.dll
0x00007ff8a7f30000 - 0x00007ff8a81c3000 	C:\Windows\WinSxS\amd64_microsoft.windows.common-controls_6595b64144ccf1df_6.0.22621.3672_none_2713b9d173822955\COMCTL32.dll
0x00007ff8ba2b0000 - 0x00007ff8ba2d6000 	C:\Windows\System32\win32u.dll
0x00007ff8ba4a0000 - 0x00007ff8ba4c9000 	C:\Windows\System32\GDI32.dll
0x00007ff8ba770000 - 0x00007ff8ba817000 	C:\Windows\System32\msvcrt.dll
0x00007ff8b9b10000 - 0x00007ff8b9c29000 	C:\Windows\System32\gdi32full.dll
0x00007ff8b9a40000 - 0x00007ff8b9ada000 	C:\Windows\System32\msvcp_win.dll
0x00007ff8ba630000 - 0x00007ff8ba661000 	C:\Windows\System32\IMM32.DLL
0x00007ff8acde0000 - 0x00007ff8acdec000 	C:\Program Files\Eclipse Adoptium\jdk-21.0.3.9-hotspot\bin\vcruntime140_1.dll
0x00007ff885d70000 - 0x00007ff885dfe000 	C:\Program Files\Eclipse Adoptium\jdk-21.0.3.9-hotspot\bin\msvcp140.dll
0x00007fffeae40000 - 0x00007fffebbc2000 	C:\Program Files\Eclipse Adoptium\jdk-21.0.3.9-hotspot\bin\server\jvm.dll
0x00007ff8bb110000 - 0x00007ff8bb1c2000 	C:\Windows\System32\ADVAPI32.dll
0x00007ff8bb380000 - 0x00007ff8bb429000 	C:\Windows\System32\sechost.dll
0x00007ff8b9ae0000 - 0x00007ff8b9b08000 	C:\Windows\System32\bcrypt.dll
0x00007ff8ba900000 - 0x00007ff8baa14000 	C:\Windows\System32\RPCRT4.dll
0x00007ff8bbac0000 - 0x00007ff8bbb31000 	C:\Windows\System32\WS2_32.dll
0x00007ff8b95f0000 - 0x00007ff8b963d000 	C:\Windows\SYSTEM32\POWRPROF.dll
0x00007ff8adc00000 - 0x00007ff8adc34000 	C:\Windows\SYSTEM32\WINMM.dll
0x00007ff8b2590000 - 0x00007ff8b259a000 	C:\Windows\SYSTEM32\VERSION.dll
0x00007ff8b95d0000 - 0x00007ff8b95e3000 	C:\Windows\SYSTEM32\UMPDC.dll
0x00007ff8b88f0000 - 0x00007ff8b8908000 	C:\Windows\SYSTEM32\kernel.appcore.dll
0x00007ff8a8760000 - 0x00007ff8a876a000 	C:\Program Files\Eclipse Adoptium\jdk-21.0.3.9-hotspot\bin\jimage.dll
0x00007ff8b6e30000 - 0x00007ff8b7062000 	C:\Windows\SYSTEM32\DBGHELP.DLL
0x00007ff8baa20000 - 0x00007ff8badae000 	C:\Windows\System32\combase.dll
0x00007ff8ba820000 - 0x00007ff8ba8f7000 	C:\Windows\System32\OLEAUT32.dll
0x00007ff8adee0000 - 0x00007ff8adf12000 	C:\Windows\SYSTEM32\dbgcore.DLL
0x00007ff8b9c30000 - 0x00007ff8b9cab000 	C:\Windows\System32\bcryptPrimitives.dll
0x00007ff8a6f00000 - 0x00007ff8a6f1f000 	C:\Program Files\Eclipse Adoptium\jdk-21.0.3.9-hotspot\bin\java.dll

dbghelp: loaded successfully - version: 4.0.5 - missing functions: none
symbol engine: initialized successfully - sym options: 0x614 - pdb path: .;C:\Program Files\Eclipse Adoptium\jdk-21.0.3.9-hotspot\bin;C:\Windows\SYSTEM32;C:\Windows\WinSxS\amd64_microsoft.windows.common-controls_6595b64144ccf1df_6.0.22621.3672_none_2713b9d173822955;C:\Program Files\Eclipse Adoptium\jdk-21.0.3.9-hotspot\bin\server

VM Arguments:
jvm_args: -Dnet.bytebuddy.agent.attacher.dump= 
java_command: net.bytebuddy.agent.Attacher com.sun.tools.attach.VirtualMachine 108844 C:\Users\kutka\.m2\repository\net\bytebuddy\byte-buddy-agent\1.14.19\byte-buddy-agent-1.14.19.jar false 
java_class_path (initial): C:\Users\kutka\.m2\repository\net\bytebuddy\byte-buddy-agent\1.14.19\byte-buddy-agent-1.14.19.jar
Launcher Type: SUN_STANDARD

[Global flags]
     intx CICompilerCount                          = 12                                        {product} {ergonomic}
     uint ConcGCThreads                            = 3                                         {product} {ergonomic}
     uint G1ConcRefinementThreads                  = 13                                        {product} {ergonomic}
   size_t G1HeapRegionSize                         = 2097152                                   {product} {ergonomic}
    uintx GCDrainStackTargetSize                   = 64                                        {product} {ergonomic}
   size_t InitialHeapSize                          = 260046848                                 {product} {ergonomic}
   size_t MarkStackSize                            = 4194304                                   {product} {ergonomic}
   size_t MaxHeapSize                              = 4139778048                                {product} {ergonomic}
   size_t MinHeapDeltaBytes                        = 2097152                                   {product} {ergonomic}
   size_t MinHeapSize                              = 8388608                                   {product} {ergonomic}
    uintx NonNMethodCodeHeapSize                   = 7602480                                {pd product} {ergonomic}
    uintx NonProfiledCodeHeapSize                  = 122027880                              {pd product} {ergonomic}
    uintx ProfiledCodeHeapSize                     = 122027880                              {pd product} {ergonomic}
    uintx ReservedCodeCacheSize                    = 251658240                              {pd product} {ergonomic}
     bool SegmentedCodeCache                       = true                                      {product} {ergonomic}
   size_t SoftMaxHeapSize                          = 4139778048                             {manageable} {ergonomic}
     bool UseCompressedOops                        = true                           {product lp64_product} {ergonomic}
     bool UseG1GC                                  = true                                      {product} {ergonomic}
     bool UseLargePagesIndividualAllocation        = false                                  {pd product} {ergonomic}

Logging:
Log output configuration:
 #0: stdout all=warning uptime,level,tags foldmultilines=false
 #1: stderr all=off uptime,level,tags foldmultilines=false

Environment Variables:
JAVA_HOME=C:\Program Files\Eclipse Adoptium\jdk-21.0.3.9-hotspot
PATH=C:\Users\kutka\AppData\Roaming\Code\User\globalStorage\pleiades.java-extension-pack-jdk\gradle\latest\bin;C:\Users\kutka\AppData\Roaming\Code\User\globalStorage\pleiades.java-extension-pack-jdk\maven\latest\bin;C:\Program Files\Eclipse Adoptium\jdk-21.0.3.9-hotspot\bin;C:\Program Files\Eclipse Adoptium\jdk-21.0.3.9-hotspot\bin;C:\Program Files\Common Files\Oracle\Java\javapath;C:\Program Files (x86)\Common Files\Oracle\Java\java8path;C:\Program Files (x86)\Common Files\Oracle\Java\javapath;C:\Program Files (x86)\Common Files\Intel\Shared Libraries\redist\intel64\compiler;C:\Windows\system32;C:\Windows;C:\Windows\System32\Wbem;C:\Windows\System32\WindowsPowerShell\v1.0\;C:\Windows\System32\OpenSSH\;C:\Program Files\NVIDIA Corporation\NVIDIA NvDLISR;C:\Program Files (x86)\NVIDIA Corporation\PhysX\Common;C:\Program Files\dotnet\;C:\Program Files\nodejs\;C:\Program Files\Docker\Docker\resources\bin;C:\Program Files\PowerShell\7\;C:\Program Files\Git LFS;C:\Program Files\Git\cmd;C:\Users\kutka\AppData\Local\Programs\Python\Python311\Scripts\;C:\Users\kutka\AppData\Local\Programs\Python\Python311\;C:\Users\kutka\AppData\Local\Microsoft\WindowsApps;;D:\New folder\IntelliJ IDEA Community Edition 2024.1\bin;;C:\Users\kutka\AppData\Roaming\npm;C:\Users\kutka\AppData\Local\Programs\Microsoft VS Code\bin;C:\Users\kutka\AppData\Local\Programs\mongosh\
USERNAME=kutka
LANG=en_US.UTF-8
OS=Windows_NT
PROCESSOR_IDENTIFIER=AMD64 Family 23 Model 96 Stepping 1, AuthenticAMD
TMP=C:\Users\kutka\AppData\Local\Temp
TEMP=C:\Users\kutka\AppData\Local\Temp




Periodic native trim disabled

---------------  S Y S T E M  ---------------

OS:
 Windows 11 , 64 bit Build 22621 (10.0.22621.3958)
OS uptime: 1 days 7:03 hours
Hyper-V role detected

CPU: total 16 (initial active 16) (16 cores per cpu, 2 threads per core) family 23 model 96 stepping 1 microcode 0x0, cx8, cmov, fxsr, ht, mmx, 3dnowpref, sse, sse2, sse3, ssse3, sse4a, sse4.1, sse4.2, popcnt, lzcnt, tsc, tscinvbit, avx, avx2, aes, clmul, bmi1, bmi2, adx, sha, fma, vzeroupper, clflush, clflushopt, hv, rdtscp, rdpid, f16c
Processor Information for all 16 processors :
  Max Mhz: 2901, Current Mhz: 2901, Mhz Limit: 2901

Memory: 4k page, system-wide physical 15791M (1306M free)
TotalPageFile size 31688M (AvailPageFile size 150M)
current process WorkingSet (physical memory assigned to process): 11M, peak: 11M
current process commit charge ("private bytes"): 70M, peak: 318M

vm_info: OpenJDK 64-Bit Server VM (21.0.3+9-LTS) for windows-amd64 JRE (21.0.3+9-LTS), built on 2024-04-16T00:00:00Z by "admin" with MS VC++ 17.7 (VS2022)

END.
